# JRE version: Java(TM) SE Runtime Environment (8.0_191-b12) (build 1.8.0_191-b12)
# Java VM: Java HotSpot(TM) 64-Bit Server VM (25.191-b12 mixed mode windows-amd64 compressed oops)
Heap:
 PSYoungGen      total 32256K, used 28286K [0x000000076b500000, 0x000000076d580000, 0x00000007c0000000)
  eden space 31232K, 89% used [0x000000076b500000,0x000000076d04fb60,0x000000076d380000)
  from space 1024K, 31% used [0x000000076d380000,0x000000076d3d0000,0x000000076d480000)
  to   space 1024K, 0% used [0x000000076d480000,0x000000076d480000,0x000000076d580000)
 ParOldGen       total 175104K, used 36034K [0x00000006c1e00000, 0x00000006cc900000, 0x000000076b500000)
  object space 175104K, 20% used [0x00000006c1e00000,0x00000006c4130a20,0x00000006cc900000)
 Metaspace       used 12168K, capacity 12398K, committed 12672K, reserved 1060864K
  class space    used 1307K, capacity 1397K, committed 1408K, reserved 1048576K
GC Heap History (10 events):
Event: 6975.828 GC heap before
{Heap before GC invocations=701 (full 0):
 PSYoungGen      total 32256K, used 31744K [0x000000076b500000, 0x000000076d580000, 0x00000007c0000000)
  eden space 31232K, 100% used [0x000000076b500000,0x000000076d380000,0x000000076d380000)
  from space 1024K, 50% used [0x000000076d480000,0x000000076d500000,0x000000076d580000)
  to   space 1024K, 0% used [0x000000076d380000,0x000000076d380000,0x000000076d480000)
 ParOldGen       total 175104K, used 35690K [0x00000006c1e00000, 0x00000006cc900000, 0x000000076b500000)
  object space 175104K, 20% used [0x00000006c1e00000,0x00000006c40daa20,0x00000006cc900000)
 Metaspace       used 12168K, capacity 12398K, committed 12672K, reserved 1060864K
  class space    used 1307K, capacity 1397K, committed 1408K, reserved 1048576K
Event: 6975.829 GC heap after
Heap after GC invocations=701 (full 0):
 PSYoungGen      total 32256K, used 512K [0x000000076b500000, 0x000000076d580000, 0x00000007c0000000)
  eden space 31232K, 0% used [0x000000076b500000,0x000000076b500000,0x000000076d380000)
  from space 1024K, 50% used [0x000000076d380000,0x000000076d400000,0x000000076d480000)
  to   space 1024K, 0% used [0x000000076d480000,0x000000076d480000,0x000000076d580000)
 ParOldGen       total 175104K, used 35706K [0x00000006c1e00000, 0x00000006cc900000, 0x000000076b500000)
  object space 175104K, 20% used [0x00000006c1e00000,0x00000006c40dea20,0x00000006cc900000)
 Metaspace       used 12168K, capacity 12398K, committed 12672K, reserved 1060864K
  class space    used 1307K, capacity 1397K, committed 1408K, reserved 1048576K
}
Event: 6978.289 GC heap before
{Heap before GC invocations=702 (full 0):
 PSYoungGen      total 32256K, used 31744K [0x000000076b500000, 0x000000076d580000, 0x00000007c0000000)
  eden space 31232K, 100% used [0x000000076b500000,0x000000076d380000,0x000000076d380000)
  from space 1024K, 50% used [0x000000076d380000,0x000000076d400000,0x000000076d480000)
  to   space 1024K, 0% used [0x000000076d480000,0x000000076d480000,0x000000076d580000)
 ParOldGen       total 175104K, used 35706K [0x00000006c1e00000, 0x00000006cc900000, 0x000000076b500000)
  object space 175104K, 20% used [0x00000006c1e00000,0x00000006c40dea20,0x00000006cc900000)
 Metaspace       used 12168K, capacity 12398K, committed 12672K, reserved 1060864K
  class space    used 1307K, capacity 1397K, committed 1408K, reserved 1048576K
Event: 6978.291 GC heap after
Heap after GC invocations=702 (full 0):
 PSYoungGen      total 32256K, used 384K [0x000000076b500000, 0x000000076d580000, 0x00000007c0000000)
  eden space 31232K, 0% used [0x000000076b500000,0x000000076b500000,0x000000076d380000)
  from space 1024K, 37% used [0x000000076d480000,0x000000076d4e0000,0x000000076d580000)
  to   space 1024K, 0% used [0x000000076d380000,0x000000076d380000,0x000000076d480000)
 ParOldGen       total 175104K, used 35954K [0x00000006c1e00000, 0x00000006cc900000, 0x000000076b500000)
  object space 175104K, 20% used [0x00000006c1e00000,0x00000006c411ca20,0x00000006cc900000)
 Metaspace       used 12168K, capacity 12398K, committed 12672K, reserved 1060864K
  class space    used 1307K, capacity 1397K, committed 1408K, reserved 1048576K
}
Event: 6980.769 GC heap before
{Heap before GC invocations=703 (full 0):
 PSYoungGen      total 32256K, used 31616K [0x000000076b500000, 0x000000076d580000, 0x00000007c0000000)
  eden space 31232K, 100% used [0x000000076b500000,0x000000076d380000,0x000000076d380000)
  from space 1024K, 37% used [0x000000076d480000,0x000000076d4e0000,0x000000076d580000)
  to   space 1024K, 0% used [0x000000076d380000,0x000000076d380000,0x000000076d480000)
 ParOldGen       total 175104K, used 35954K [0x00000006c1e00000, 0x00000006cc900000, 0x000000076b500000)
  object space 175104K, 20% used [0x00000006c1e00000,0x00000006c411ca20,0x00000006cc900000)
 Metaspace       used 12168K, capacity 12398K, committed 12672K, reserved 1060864K
  class space    used 1307K, capacity 1397K, committed 1408K, reserved 1048576K
Event: 6980.771 GC heap after
Heap after GC invocations=703 (full 0):
 PSYoungGen      total 32256K, used 384K [0x000000076b500000, 0x000000076d580000, 0x00000007c0000000)
  eden space 31232K, 0% used [0x000000076b500000,0x000000076b500000,0x000000076d380000)
  from space 1024K, 37% used [0x000000076d380000,0x000000076d3e0000,0x000000076d480000)
  to   space 1024K, 0% used [0x000000076d480000,0x000000076d480000,0x000000076d580000)
 ParOldGen       total 175104K, used 35994K [0x00000006c1e00000, 0x00000006cc900000, 0x000000076b500000)
  object space 175104K, 20% used [0x00000006c1e00000,0x00000006c4126a20,0x00000006cc900000)
 Metaspace       used 12168K, capacity 12398K, committed 12672K, reserved 1060864K
  class space    used 1307K, capacity 1397K, committed 1408K, reserved 1048576K
}
Event: 6983.258 GC heap before
{Heap before GC invocations=704 (full 0):
 PSYoungGen      total 32256K, used 31616K [0x000000076b500000, 0x000000076d580000, 0x00000007c0000000)
  eden space 31232K, 100% used [0x000000076b500000,0x000000076d380000,0x000000076d380000)
  from space 1024K, 37% used [0x000000076d380000,0x000000076d3e0000,0x000000076d480000)
  to   space 1024K, 0% used [0x000000076d480000,0x000000076d480000,0x000000076d580000)
 ParOldGen       total 175104K, used 35994K [0x00000006c1e00000, 0x00000006cc900000, 0x000000076b500000)
  object space 175104K, 20% used [0x00000006c1e00000,0x00000006c4126a20,0x00000006cc900000)
 Metaspace       used 12168K, capacity 12398K, committed 12672K, reserved 1060864K
  class space    used 1307K, capacity 1397K, committed 1408K, reserved 1048576K
Event: 6983.259 GC heap after
Heap after GC invocations=704 (full 0):
 PSYoungGen      total 32256K, used 320K [0x000000076b500000, 0x000000076d580000, 0x00000007c0000000)
  eden space 31232K, 0% used [0x000000076b500000,0x000000076b500000,0x000000076d380000)
  from space 1024K, 31% used [0x000000076d480000,0x000000076d4d0000,0x000000076d580000)
  to   space 1024K, 0% used [0x000000076d380000,0x000000076d380000,0x000000076d480000)
 ParOldGen       total 175104K, used 36010K [0x00000006c1e00000, 0x00000006cc900000, 0x000000076b500000)
  object space 175104K, 20% used [0x00000006c1e00000,0x00000006c412aa20,0x00000006cc900000)
 Metaspace       used 12168K, capacity 12398K, committed 12672K, reserved 1060864K
  class space    used 1307K, capacity 1397K, committed 1408K, reserved 1048576K
}
Event: 6985.735 GC heap before
{Heap before GC invocations=705 (full 0):
 PSYoungGen      total 32256K, used 31552K [0x000000076b500000, 0x000000076d580000, 0x00000007c0000000)
  eden space 31232K, 100% used [0x000000076b500000,0x000000076d380000,0x000000076d380000)
  from space 1024K, 31% used [0x000000076d480000,0x000000076d4d0000,0x000000076d580000)
  to   space 1024K, 0% used [0x000000076d380000,0x000000076d380000,0x000000076d480000)
 ParOldGen       total 175104K, used 36010K [0x00000006c1e00000, 0x00000006cc900000, 0x000000076b500000)
  object space 175104K, 20% used [0x00000006c1e00000,0x00000006c412aa20,0x00000006cc900000)
 Metaspace       used 12168K, capacity 12398K, committed 12672K, reserved 1060864K
  class space    used 1307K, capacity 1397K, committed 1408K, reserved 1048576K
Event: 6985.736 GC heap after
Heap after GC invocations=705 (full 0):
 PSYoungGen      total 32256K, used 320K [0x000000076b500000, 0x000000076d580000, 0x00000007c0000000)
  eden space 31232K, 0% used [0x000000076b500000,0x000000076b500000,0x000000076d380000)
  from space 1024K, 31% used [0x000000076d380000,0x000000076d3d0000,0x000000076d480000)
  to   space 1024K, 0% used [0x000000076d480000,0x000000076d480000,0x000000076d580000)
 ParOldGen       total 175104K, used 36034K [0x00000006c1e00000, 0x00000006cc900000, 0x000000076b500000)
  object space 175104K, 20% used [0x00000006c1e00000,0x00000006c4130a20,0x00000006cc900000)
 Metaspace       used 12168K, capacity 12398K, committed 12672K, reserved 1060864K
  class space    used 1307K, capacity 1397K, committed 1408K, reserved 1048576K
}

